<?xml version="1.0" encoding="UTF-8"?>
<testng-results skipped="0" failed="0" ignored="0" total="1" passed="1">
  <reporter-output>
  </reporter-output>
  <suite name="Suite" duration-ms="10733" started-at="2022-01-19T00:44:41Z" finished-at="2022-01-19T00:44:52Z">
    <groups>
    </groups>
    <test name="Personal_loan" duration-ms="10733" started-at="2022-01-19T00:44:41Z" finished-at="2022-01-19T00:44:52Z">
      <class name="TestngAutomation.LaunchChromeDriver2">
        <test-method status="PASS" signature="launchBrowser()[pri:0, instance:TestngAutomation.LaunchChromeDriver2@17579e0f]" name="launchBrowser" duration-ms="10674" started-at="2022-01-19T00:44:41Z" finished-at="2022-01-19T00:44:52Z">
          <reporter-output>
          </reporter-output>
        </test-method> <!-- launchBrowser -->
      </class> <!-- TestngAutomation.LaunchChromeDriver2 -->
    </test> <!-- Personal_loan -->
  </suite> <!-- Suite -->
</testng-results>
